2025-10-29 00:05:55,236 [INFO] Activator:176 - 


2025-10-29 00:05:55,240 [INFO] Activator:177 - !SESSION log4j initialized
2025-10-29 00:06:01,228 [INFO] LogOutputStream:77 - [STDOUT_REDIRECT] 
2025-10-29 00:06:03,513 [INFO] ApplicationProperties:184 - Using Application install path: C:\ST\STM32CubeIDE_1.19.0\STM32CubeIDE\plugins\com.st.stm32cube.common.mx_6.15.0.202507011659
2025-10-29 00:06:03,531 [INFO] DbMcusXml:78 - Set database path to: C:\ST\STM32CubeIDE_1.19.0\STM32CubeIDE\plugins\com.st.stm32cube.common.mx_6.15.0.202507011659\\db\/mcu/
2025-10-29 00:06:03,532 [INFO] ApiDb:274 - Set plugin database path to: C:\ST\STM32CubeIDE_1.19.0\STM32CubeIDE\plugins\com.st.stm32cube.common.mx_6.15.0.202507011659\\db\/plugins/boardmanager/
2025-10-29 00:06:03,532 [WARN] ApiDb:259 - Overriding images path with different value:  => C:\ST\STM32CubeIDE_1.19.0\STM32CubeIDE\plugins\com.st.stm32cube.common.mx_6.15.0.202507011659\\db\/plugins/mcufinder/images/
2025-10-29 00:06:03,542 [INFO] ApiDb:250 - Set database path to: C:\Users\seren\.stmcufinder\plugins\mcufinder//mcu/
2025-10-29 00:06:03,544 [INFO] DbMcusAds:125 - Set database path to: C:\Users\seren\.stmcufinder\plugins\mcufinder//mcu/
2025-10-29 00:06:03,546 [INFO] CrossReferenceDbSqlite:203 - Set database path to: C:\Users\seren\.stmcufinder\plugins\mcufinder//mcu/cs/
2025-10-29 00:06:03,654 [INFO] RulesReader:64 - Compatibility file has been processed (317 Rules)
2025-10-29 00:06:03,729 [INFO] DbMcusXml:78 - Set database path to: C:\ST\STM32CubeIDE_1.19.0\STM32CubeIDE\plugins\com.st.stm32cube.common.mx_6.15.0.202507011659\\db\/mcu/
2025-10-29 00:06:03,729 [INFO] ApiDb:274 - Set plugin database path to: C:\ST\STM32CubeIDE_1.19.0\STM32CubeIDE\plugins\com.st.stm32cube.common.mx_6.15.0.202507011659\\db\/plugins/boardmanager/
2025-10-29 00:06:03,729 [INFO] ApiDb:261 - Set plugin images path to: C:\ST\STM32CubeIDE_1.19.0\STM32CubeIDE\plugins\com.st.stm32cube.common.mx_6.15.0.202507011659\\db\/plugins/mcufinder/images/
2025-10-29 00:06:03,729 [WARN] DbFile:41 - Overriding database path with different value: C:\Users\seren\.stmcufinder\plugins\mcufinder/ => C:\Users\seren\.stmcufinder\plugins\mcufinder
2025-10-29 00:06:03,729 [INFO] ApiDb:250 - Set database path to: C:\Users\seren\.stmcufinder\plugins\mcufinder//mcu/
2025-10-29 00:06:03,729 [WARN] DbFile:41 - Overriding database path with different value: C:\Users\seren\.stmcufinder\plugins\mcufinder/ => C:\Users\seren\.stmcufinder\plugins\mcufinder
2025-10-29 00:06:03,729 [INFO] DbMcusAds:125 - Set database path to: C:\Users\seren\.stmcufinder\plugins\mcufinder//mcu/
2025-10-29 00:06:03,729 [WARN] DbFile:41 - Overriding database path with different value: C:\Users\seren\.stmcufinder\plugins\mcufinder/ => C:\Users\seren\.stmcufinder\plugins\mcufinder
2025-10-29 00:06:03,729 [WARN] DbFile:41 - Overriding database path with different value: C:\Users\seren\.stmcufinder\plugins\mcufinder/ => C:\Users\seren\.stmcufinder\plugins\mcufinder
2025-10-29 00:06:03,730 [INFO] CrossReferenceDbSqlite:203 - Set database path to: C:\Users\seren\.stmcufinder\plugins\mcufinder//mcu/cs/
2025-10-29 00:06:03,863 [INFO] MainPanel:274 - HeapMemory: 268435456
2025-10-29 00:06:03,959 [INFO] DbMcusXml:78 - Set database path to: C:\ST\STM32CubeIDE_1.19.0\STM32CubeIDE\plugins\com.st.stm32cube.common.mx_6.15.0.202507011659\\db\/mcu/
2025-10-29 00:06:03,959 [INFO] ApiDb:274 - Set plugin database path to: C:\ST\STM32CubeIDE_1.19.0\STM32CubeIDE\plugins\com.st.stm32cube.common.mx_6.15.0.202507011659\\db\/plugins/boardmanager/
2025-10-29 00:06:03,959 [INFO] ApiDb:261 - Set plugin images path to: C:\ST\STM32CubeIDE_1.19.0\STM32CubeIDE\plugins\com.st.stm32cube.common.mx_6.15.0.202507011659\\db\/plugins/mcufinder/images/
2025-10-29 00:06:03,960 [WARN] DbFile:41 - Overriding database path with different value: C:\Users\seren\.stmcufinder\plugins\mcufinder/ => C:\Users\seren\.stmcufinder\plugins\mcufinder
2025-10-29 00:06:03,960 [INFO] ApiDb:250 - Set database path to: C:\Users\seren\.stmcufinder\plugins\mcufinder//mcu/
2025-10-29 00:06:03,960 [WARN] DbFile:41 - Overriding database path with different value: C:\Users\seren\.stmcufinder\plugins\mcufinder/ => C:\Users\seren\.stmcufinder\plugins\mcufinder
2025-10-29 00:06:03,960 [INFO] DbMcusAds:125 - Set database path to: C:\Users\seren\.stmcufinder\plugins\mcufinder//mcu/
2025-10-29 00:06:03,960 [WARN] DbFile:41 - Overriding database path with different value: C:\Users\seren\.stmcufinder\plugins\mcufinder/ => C:\Users\seren\.stmcufinder\plugins\mcufinder
2025-10-29 00:06:03,960 [WARN] DbFile:41 - Overriding database path with different value: C:\Users\seren\.stmcufinder\plugins\mcufinder/ => C:\Users\seren\.stmcufinder\plugins\mcufinder
2025-10-29 00:06:03,960 [INFO] CrossReferenceDbSqlite:203 - Set database path to: C:\Users\seren\.stmcufinder\plugins\mcufinder//mcu/cs/
2025-10-29 00:06:03,977 [INFO] ApplicationProperties:184 - Using Application install path: C:\ST\STM32CubeIDE_1.19.0\STM32CubeIDE\plugins\com.st.stm32cube.common.mx_6.15.0.202507011659
2025-10-29 00:06:03,978 [INFO] PluginManage:196 - Search for loadable plugins [exclusion list=, ]
2025-10-29 00:06:03,979 [INFO] PluginManage:310 - Check plugin analytics
2025-10-29 00:06:04,124 [INFO] AnalyticsPlugin:253 - Accepted Software Licenses: 
2025-10-29 00:06:04,124 [INFO] AnalyticsPlugin:255 - Accepted CMSIS Pack Licenses: 
2025-10-29 00:06:04,124 [INFO] AnalyticsPlugin:257 - Accepted Firmware Licenses: 
2025-10-29 00:06:04,126 [INFO] PluginManage:359 - Loaded plugin analytics (category:tool,tabindex:-1)
2025-10-29 00:06:04,126 [INFO] PluginManage:310 - Check plugin cadmodel
2025-10-29 00:06:04,147 [INFO] CADModel:105 - Init CAD model plugin
2025-10-29 00:06:04,148 [INFO] PluginManage:359 - Loaded plugin cadmodel (category:power,tabindex:5)
2025-10-29 00:06:04,148 [INFO] PluginManage:310 - Check plugin clock
2025-10-29 00:06:04,172 [INFO] PluginManage:359 - Loaded plugin clock (category:base,tabindex:2)
2025-10-29 00:06:04,172 [INFO] PluginManage:310 - Check plugin ddr
2025-10-29 00:06:04,175 [INFO] PluginManage:359 - Loaded plugin ddr (category:tool,tabindex:6)
2025-10-29 00:06:04,175 [INFO] PluginManage:310 - Check plugin filemanager
2025-10-29 00:06:04,382 [INFO] PluginManage:359 - Loaded plugin filemanager (category:base,tabindex:10)
2025-10-29 00:06:04,383 [INFO] PluginManage:310 - Check plugin ipmanager
2025-10-29 00:06:04,390 [INFO] PluginManage:359 - Loaded plugin ipmanager (category:base,tabindex:5)
2025-10-29 00:06:04,390 [INFO] PluginManage:310 - Check plugin lpbam
2025-10-29 00:06:04,411 [INFO] PluginManage:359 - Loaded plugin lpbam (category:base,tabindex:0)
2025-10-29 00:06:04,411 [INFO] PluginManage:310 - Check plugin memorymap
2025-10-29 00:06:04,438 [INFO] PluginManage:359 - Loaded plugin memorymap (category:base,tabindex:4)
2025-10-29 00:06:04,438 [INFO] PluginManage:310 - Check plugin pinoutandconfiguration
2025-10-29 00:06:04,459 [INFO] PluginManage:359 - Loaded plugin pinoutandconfiguration (category:base,tabindex:1)
2025-10-29 00:06:04,459 [INFO] PluginManage:310 - Check plugin pinoutconfig
2025-10-29 00:06:04,611 [WARN] SupportedApi:132 - Cannot load RTOS API schema: s4s-elt-must-match.1: The content of 'definitions' must match (annotation?, (simpleType | complexType)?, (unique | key | keyref)*)). A problem was found starting at: attribute.
2025-10-29 00:06:04,756 [INFO] PluginManage:359 - Loaded plugin pinoutconfig (category:base,tabindex:0)
2025-10-29 00:06:04,756 [INFO] PluginManage:310 - Check plugin power
2025-10-29 00:06:04,790 [INFO] PluginManage:359 - Loaded plugin power (category:power,tabindex:4)
2025-10-29 00:06:04,790 [INFO] PluginManage:310 - Check plugin projectmanager
2025-10-29 00:06:04,806 [INFO] PluginManage:359 - Loaded plugin projectmanager (category:projectmanager,tabindex:4)
2025-10-29 00:06:04,806 [INFO] PluginManage:310 - Check plugin rif
2025-10-29 00:06:04,905 [INFO] PluginManage:359 - Loaded plugin rif (category:base,tabindex:3)
2025-10-29 00:06:04,905 [INFO] PluginManage:310 - Check plugin thirdparty
2025-10-29 00:06:05,307 [INFO] PluginManage:359 - Loaded plugin thirdparty (category:base,tabindex:-1)
2025-10-29 00:06:05,308 [INFO] PluginManage:310 - Check plugin tools
2025-10-29 00:06:05,307 [WARN] IntegrityCheckThread:84 - waiting for thirdparty lock release [integrity check]
2025-10-29 00:06:05,308 [INFO] IntegrityCheckThread:86 - entering critical section [integrity check]
2025-10-29 00:06:05,308 [INFO] ThirdPartyUpdaterWithRetryManager:70 - Updater plugin not ready yet. [1/15]
2025-10-29 00:06:05,353 [INFO] PluginManage:359 - Loaded plugin tools (category:base,tabindex:7)
2025-10-29 00:06:05,353 [INFO] PluginManage:310 - Check plugin tutovideos
2025-10-29 00:06:05,579 [INFO] PluginManage:359 - Loaded plugin tutovideos (category:base,tabindex:-1)
2025-10-29 00:06:05,579 [INFO] PluginManage:310 - Check plugin updater
2025-10-29 00:06:05,598 [INFO] PluginManage:359 - Loaded plugin updater (category:base,tabindex:12)
2025-10-29 00:06:05,598 [INFO] PluginManage:310 - Check plugin userauth
2025-10-29 00:06:05,603 [INFO] UserAuth:118 - Init User Auth plugin
2025-10-29 00:06:05,603 [INFO] PluginManage:359 - Loaded plugin userauth (category:base,tabindex:14)
2025-10-29 00:06:05,604 [INFO] PluginManage:283 - PluginManage : Loaded plugins [18]
2025-10-29 00:06:05,854 [INFO] PinOutPanel:1589 - setPackage(No Configuration,No Configuration)
2025-10-29 00:06:05,998 [INFO] CADModel:165 - CPN selected for project level
2025-10-29 00:06:05,998 [INFO] CADModel:114 - Register for checkConnection events
2025-10-29 00:06:06,031 [INFO] IPUIPlugin:80 - create IPUIPlugin
2025-10-29 00:06:06,031 [INFO] PluginManager:220 - loadIPPluginJar : add adc
2025-10-29 00:06:06,084 [INFO] IPUIPlugin:80 - create IPUIPlugin
2025-10-29 00:06:06,084 [INFO] PluginManager:220 - loadIPPluginJar : add aes
2025-10-29 00:06:06,137 [INFO] IPUIPlugin:80 - create IPUIPlugin
2025-10-29 00:06:06,137 [INFO] PluginManager:220 - loadIPPluginJar : add can
2025-10-29 00:06:06,169 [INFO] IPUIPlugin:80 - create IPUIPlugin
2025-10-29 00:06:06,169 [INFO] PluginManager:220 - loadIPPluginJar : add comp
2025-10-29 00:06:06,207 [INFO] IPUIPlugin:80 - create IPUIPlugin
2025-10-29 00:06:06,207 [INFO] PluginManager:220 - loadIPPluginJar : add cryp
2025-10-29 00:06:06,222 [INFO] IPUIPlugin:80 - create IPUIPlugin
2025-10-29 00:06:06,222 [INFO] PluginManager:220 - loadIPPluginJar : add ddr_ctrl_phy
2025-10-29 00:06:06,255 [INFO] IPUIPlugin:80 - create IPUIPlugin
2025-10-29 00:06:06,255 [INFO] PluginManager:220 - loadIPPluginJar : add dfsdm
2025-10-29 00:06:06,271 [INFO] IPUIPlugin:80 - create IPUIPlugin
2025-10-29 00:06:06,271 [INFO] PluginManager:220 - loadIPPluginJar : add dma
2025-10-29 00:06:06,341 [INFO] IPUIPlugin:80 - create IPUIPlugin
2025-10-29 00:06:06,341 [INFO] PluginManager:220 - loadIPPluginJar : add dma3
2025-10-29 00:06:06,408 [INFO] IPUIPlugin:80 - create IPUIPlugin
2025-10-29 00:06:06,408 [INFO] PluginManager:220 - loadIPPluginJar : add extmemmanager
2025-10-29 00:06:06,431 [INFO] IPUIPlugin:80 - create IPUIPlugin
2025-10-29 00:06:06,431 [INFO] PluginManager:220 - loadIPPluginJar : add fatfs
2025-10-29 00:06:06,482 [INFO] IPUIPlugin:80 - create IPUIPlugin
2025-10-29 00:06:06,483 [INFO] PluginManager:220 - loadIPPluginJar : add fmc
2025-10-29 00:06:06,500 [INFO] IPUIPlugin:80 - create IPUIPlugin
2025-10-29 00:06:06,500 [INFO] PluginManager:220 - loadIPPluginJar : add freertos
2025-10-29 00:06:06,524 [INFO] IPUIPlugin:80 - create IPUIPlugin
2025-10-29 00:06:06,524 [INFO] PluginManager:220 - loadIPPluginJar : add genericplugin
2025-10-29 00:06:06,616 [INFO] IPUIPlugin:80 - create IPUIPlugin
2025-10-29 00:06:06,616 [INFO] PluginManager:220 - loadIPPluginJar : add gfxmmu
2025-10-29 00:06:06,739 [INFO] IPUIPlugin:80 - create IPUIPlugin
2025-10-29 00:06:06,740 [INFO] PluginManager:220 - loadIPPluginJar : add gic
2025-10-29 00:06:06,755 [INFO] IPUIPlugin:80 - create IPUIPlugin
2025-10-29 00:06:06,755 [INFO] PluginManager:220 - loadIPPluginJar : add gpio
2025-10-29 00:06:06,851 [INFO] IPUIPlugin:80 - create IPUIPlugin
2025-10-29 00:06:06,851 [INFO] PluginManager:220 - loadIPPluginJar : add gtzc
2025-10-29 00:06:06,884 [INFO] IPUIPlugin:80 - create IPUIPlugin
2025-10-29 00:06:06,884 [INFO] PluginManager:220 - loadIPPluginJar : add hash
2025-10-29 00:06:06,958 [INFO] IPUIPlugin:80 - create IPUIPlugin
2025-10-29 00:06:06,958 [INFO] PluginManager:220 - loadIPPluginJar : add i2c
2025-10-29 00:06:07,015 [INFO] IPUIPlugin:80 - create IPUIPlugin
2025-10-29 00:06:07,015 [INFO] PluginManager:220 - loadIPPluginJar : add i2s
2025-10-29 00:06:07,064 [INFO] IPUIPlugin:80 - create IPUIPlugin
2025-10-29 00:06:07,064 [INFO] PluginManager:220 - loadIPPluginJar : add i3c
2025-10-29 00:06:07,207 [INFO] IPUIPlugin:80 - create IPUIPlugin
2025-10-29 00:06:07,207 [INFO] PluginManager:220 - loadIPPluginJar : add ipddr
2025-10-29 00:06:07,329 [INFO] IPUIPlugin:80 - create IPUIPlugin
2025-10-29 00:06:07,330 [INFO] PluginManager:220 - loadIPPluginJar : add linkedlist
2025-10-29 00:06:07,397 [INFO] IPUIPlugin:80 - create IPUIPlugin
2025-10-29 00:06:07,397 [INFO] PluginManager:220 - loadIPPluginJar : add lorawan
2025-10-29 00:06:07,443 [INFO] IPUIPlugin:80 - create IPUIPlugin
2025-10-29 00:06:07,443 [INFO] PluginManager:220 - loadIPPluginJar : add ltdc
2025-10-29 00:06:07,460 [INFO] IPUIPlugin:80 - create IPUIPlugin
2025-10-29 00:06:07,460 [INFO] PluginManager:220 - loadIPPluginJar : add mdma
2025-10-29 00:06:07,474 [INFO] IPUIPlugin:80 - create IPUIPlugin
2025-10-29 00:06:07,475 [INFO] PluginManager:220 - loadIPPluginJar : add nvic
2025-10-29 00:06:07,520 [INFO] IPUIPlugin:80 - create IPUIPlugin
2025-10-29 00:06:07,520 [INFO] PluginManager:220 - loadIPPluginJar : add opamp
2025-10-29 00:06:07,596 [INFO] IPUIPlugin:80 - create IPUIPlugin
2025-10-29 00:06:07,596 [INFO] PluginManager:220 - loadIPPluginJar : add openamp
2025-10-29 00:06:07,644 [INFO] IPUIPlugin:80 - create IPUIPlugin
2025-10-29 00:06:07,645 [INFO] PluginManager:220 - loadIPPluginJar : add pdm2pcm
2025-10-29 00:06:07,662 [INFO] IPUIPlugin:80 - create IPUIPlugin
2025-10-29 00:06:07,664 [INFO] PluginManager:220 - loadIPPluginJar : add plateformsettings
2025-10-29 00:06:07,693 [INFO] IPUIPlugin:80 - create IPUIPlugin
2025-10-29 00:06:07,693 [INFO] PluginManager:220 - loadIPPluginJar : add quadspi
2025-10-29 00:06:07,724 [INFO] IPUIPlugin:80 - create IPUIPlugin
2025-10-29 00:06:07,725 [INFO] PluginManager:220 - loadIPPluginJar : add radio
2025-10-29 00:06:07,741 [INFO] IPUIPlugin:80 - create IPUIPlugin
2025-10-29 00:06:07,741 [INFO] PluginManager:220 - loadIPPluginJar : add resmgrutility
2025-10-29 00:06:07,794 [INFO] IPUIPlugin:80 - create IPUIPlugin
2025-10-29 00:06:07,794 [INFO] PluginManager:220 - loadIPPluginJar : add sai
2025-10-29 00:06:07,835 [INFO] IPUIPlugin:80 - create IPUIPlugin
2025-10-29 00:06:07,835 [INFO] PluginManager:220 - loadIPPluginJar : add spi
2025-10-29 00:06:07,926 [INFO] IPUIPlugin:80 - create IPUIPlugin
2025-10-29 00:06:07,926 [INFO] PluginManager:220 - loadIPPluginJar : add stm32_wpan
2025-10-29 00:06:07,954 [INFO] IPUIPlugin:80 - create IPUIPlugin
2025-10-29 00:06:07,954 [INFO] PluginManager:220 - loadIPPluginJar : add tim
2025-10-29 00:06:08,021 [INFO] IPUIPlugin:80 - create IPUIPlugin
2025-10-29 00:06:08,021 [INFO] PluginManager:220 - loadIPPluginJar : add touchsensing
2025-10-29 00:06:08,047 [INFO] IPUIPlugin:80 - create IPUIPlugin
2025-10-29 00:06:08,047 [INFO] PluginManager:220 - loadIPPluginJar : add tracer_emb
2025-10-29 00:06:08,078 [INFO] IPUIPlugin:80 - create IPUIPlugin
2025-10-29 00:06:08,078 [INFO] PluginManager:220 - loadIPPluginJar : add ts
2025-10-29 00:06:08,108 [INFO] IPUIPlugin:80 - create IPUIPlugin
2025-10-29 00:06:08,108 [INFO] PluginManager:220 - loadIPPluginJar : add tsc
2025-10-29 00:06:08,136 [INFO] IPUIPlugin:80 - create IPUIPlugin
2025-10-29 00:06:08,136 [INFO] PluginManager:220 - loadIPPluginJar : add ucpd
2025-10-29 00:06:08,186 [INFO] IPUIPlugin:80 - create IPUIPlugin
2025-10-29 00:06:08,186 [INFO] PluginManager:220 - loadIPPluginJar : add usart
2025-10-29 00:06:08,261 [INFO] IPUIPlugin:80 - create IPUIPlugin
2025-10-29 00:06:08,261 [INFO] PluginManager:220 - loadIPPluginJar : add usbx
2025-10-29 00:06:08,309 [INFO] ThirdPartyUpdaterWithRetryManager:70 - Updater plugin not ready yet. [2/15]
2025-10-29 00:06:08,380 [FATAL] Updater:351 - Updater called before beeing initialized
2025-10-29 00:06:08,405 [INFO] RulesReader:64 - Compatibility file has been processed (317 Rules)
2025-10-29 00:06:08,415 [INFO] RulesReader:64 - Compatibility file has been processed (317 Rules)
2025-10-29 00:06:08,421 [INFO] CADModel:165 - CPN selected for project level
2025-10-29 00:06:08,421 [INFO] CADModel:114 - Register for checkConnection events
2025-10-29 00:06:08,421 [FATAL] Updater:351 - Updater called before beeing initialized
2025-10-29 00:06:08,421 [ERROR] CADModel:125 - Updater not yet initialized, retry later 
2025-10-29 00:06:08,628 [FATAL] Updater:351 - Updater called before beeing initialized
2025-10-29 00:06:08,630 [INFO] CADModel:165 - CPN selected for project level
2025-10-29 00:06:08,630 [INFO] CADModel:114 - Register for checkConnection events
2025-10-29 00:06:08,630 [FATAL] Updater:351 - Updater called before beeing initialized
2025-10-29 00:06:08,630 [ERROR] CADModel:125 - Updater not yet initialized, retry later 
2025-10-29 00:06:08,634 [FATAL] Updater:351 - Updater called before beeing initialized
2025-10-29 00:06:08,727 [FATAL] Updater:351 - Updater called before beeing initialized
2025-10-29 00:06:08,739 [INFO] DbMcusAds:53 - JSON generation date=Thu Sep 30 03:55:09 ART 2021 (1632984909247)
2025-10-29 00:06:08,739 [FATAL] Updater:351 - Updater called before beeing initialized
2025-10-29 00:06:08,782 [WARN] DetailPanel:346 - Failed to get advertising image, set to default
2025-10-29 00:06:08,851 [FATAL] Updater:351 - Updater called before beeing initialized
2025-10-29 00:06:08,852 [FATAL] Updater:351 - Updater called before beeing initialized
2025-10-29 00:06:08,852 [FATAL] Updater:351 - Updater called before beeing initialized
2025-10-29 00:06:08,852 [WARN] DetailPanel:346 - Failed to get advertising image, set to default
2025-10-29 00:06:08,853 [FATAL] Updater:351 - Updater called before beeing initialized
2025-10-29 00:06:08,903 [ERROR] Updater:1198 - MainUpdater not yet initialized. External WinMGr cannot be set.
2025-10-29 00:06:08,913 [INFO] Updater:1134 - Updater Version found : 6.15.0
2025-10-29 00:06:08,928 [INFO] ApplicationProperties:184 - Using Application install path: C:\ST\STM32CubeIDE_1.19.0\STM32CubeIDE\plugins\com.st.stm32cube.common.mx_6.15.0.202507011659
2025-10-29 00:06:10,572 [ERROR] LogOutputStream:75 - [STDERR_REDIRECT] Oct 29, 2025 12:06:10 AM java.util.prefs.WindowsPreferences <init>
2025-10-29 00:06:10,574 [ERROR] LogOutputStream:75 - [STDERR_REDIRECT] WARNING: Could not open/create prefs root node Software\JavaSoft\Prefs at root 0xffffffff80000002. Windows RegCreateKeyEx(...) returned error code 5.
2025-10-29 00:06:10,574 [ERROR] LogOutputStream:75 - [STDERR_REDIRECT] 
2025-10-29 00:06:10,778 [INFO] MainUpdater:2872 - connection check result : 10
2025-10-29 00:06:10,779 [INFO] MainUpdater:289 - Updater Check For Update Now.
2025-10-29 00:06:10,779 [INFO] MicroXplorer:498 - Change Database Version : DB.6.0.150
2025-10-29 00:06:10,797 [INFO] McuFinderGlobals:63 - Set McuFinder mode to 2 (CubeIDE integrated)
2025-10-29 00:06:10,797 [INFO] UserAuth:171 - activating auth plugin
2025-10-29 00:06:10,801 [INFO] UserAuth:487 - Internet connection configuration mode: 1
2025-10-29 00:06:10,834 [INFO] JxBrowserEngine:152 - Initiate JxBrowser Engine with user profile folder
2025-10-29 00:06:10,989 [INFO] CheckServerUpdateThread:120 - End of CheckServer Thread
2025-10-29 00:06:11,522 [WARN] PackLoader:240 - Cannot read IP mode file for STMicroelectronics.FP-SNS-MOTENVWB1.1.4.0
2025-10-29 00:06:11,539 [WARN] PackLoader:240 - Cannot read IP mode file for STMicroelectronics.FP-ATR-ASTRA1.2.0.2
2025-10-29 00:06:12,041 [WARN] PackLoader:240 - Cannot read IP mode file for STMicroelectronics.X-CUBE-SMBUS.2.1.0
2025-10-29 00:06:12,094 [WARN] PackLoader:240 - Cannot read IP mode file for STMicroelectronics.X-CUBE-AZRTOS-F7.1.1.0
2025-10-29 00:06:12,113 [WARN] PackLoader:240 - Cannot read IP mode file for Cesanta.I-CUBE-Mongoose.7.19.0
2025-10-29 00:06:12,129 [WARN] PackLoader:240 - Cannot read IP mode file for STMicroelectronics.FP-SNS-MOTENV1.5.1.0
2025-10-29 00:06:12,150 [WARN] PackLoader:240 - Cannot read IP mode file for WES.I-CUBE-Cesium.1.4.0
2025-10-29 00:06:12,183 [WARN] PackLoader:240 - Cannot read IP mode file for Infineon.AIROC-Wi-Fi-Bluetooth-STM32.1.7.1
2025-10-29 00:06:12,241 [WARN] PackLoader:240 - Cannot read IP mode file for STMicroelectronics.X-CUBE-AZRTOS-H7.3.4.0
2025-10-29 00:06:12,337 [WARN] PackLoader:240 - Cannot read IP mode file for STMicroelectronics.X-CUBE-DISPLAY.3.0.0
2025-10-29 00:06:12,363 [WARN] PackLoader:240 - Cannot read IP mode file for STMicroelectronics.X-CUBE-NFC10.1.0.0
2025-10-29 00:06:12,386 [WARN] PackLoader:240 - Cannot read IP mode file for STMicroelectronics.X-CUBE-ST60.1.1.0
2025-10-29 00:06:12,430 [WARN] PackLoader:240 - Cannot read IP mode file for emotas.I-CUBE-CANOPEN.1.3.0
2025-10-29 00:06:12,521 [WARN] PackLoader:240 - Cannot read IP mode file for STMicroelectronics.FP-SNS-STBOX1.2.1.0
2025-10-29 00:06:12,545 [WARN] PackLoader:240 - Cannot read IP mode file for STMicroelectronics.FP-SNS-SMARTAG2.1.2.0
2025-10-29 00:06:12,562 [WARN] PackLoader:240 - Cannot read IP mode file for STMicroelectronics.FP-SNS-FLIGHT1.5.1.0
2025-10-29 00:06:12,649 [INFO] LogOutputStream:77 - [STDOUT_REDIRECT] 1 : Invalid condition id : UX_CORESTACK_Condition cause : null
2025-10-29 00:06:12,649 [INFO] LogOutputStream:77 - [STDOUT_REDIRECT] 1 : Invalid condition id : UX_CORESTACK_Condition cause : null
2025-10-29 00:06:12,650 [INFO] LogOutputStream:77 - [STDOUT_REDIRECT] 1 : Invalid condition id : UX_CORESTACK_Condition cause : null
2025-10-29 00:06:12,651 [INFO] LogOutputStream:77 - [STDOUT_REDIRECT] 1 : Invalid condition id : UX_CORESTACK_Condition cause : null
2025-10-29 00:06:12,651 [INFO] LogOutputStream:77 - [STDOUT_REDIRECT] 1 : Invalid condition id : UX_CORESTACK_Condition cause : null
2025-10-29 00:06:12,653 [WARN] PackLoader:240 - Cannot read IP mode file for STMicroelectronics.X-CUBE-AZRTOS-WL.2.0.0
2025-10-29 00:06:12,787 [WARN] PackLoader:240 - Cannot read IP mode file for STMicroelectronics.X-CUBE-BLE2.3.3.0
2025-10-29 00:06:12,889 [WARN] PackLoader:240 - Cannot read IP mode file for STMicroelectronics.X-CUBE-NFC9.1.0.0
2025-10-29 00:06:13,026 [WARN] PackLoader:240 - Cannot read IP mode file for wolfSSL.I-CUBE-wolfSSL.5.8.2
2025-10-29 00:06:13,099 [WARN] PackLoader:240 - Cannot read IP mode file for STMicroelectronics.X-CUBE-BLE1.7.1.0
2025-10-29 00:06:13,113 [WARN] PackLoader:240 - Cannot read IP mode file for wolfSSL.I-CUBE-wolfMQTT.1.19.2
2025-10-29 00:06:13,186 [WARN] PackLoader:240 - Cannot read IP mode file for STMicroelectronics.X-CUBE-EEPRMA1.5.2.0
2025-10-29 00:06:13,306 [WARN] PackLoader:240 - Cannot read IP mode file for STMicroelectronics.X-CUBE-ST67W61.1.1.0
2025-10-29 00:06:13,433 [WARN] PackLoader:240 - Cannot read IP mode file for STMicroelectronics.X-CUBE-AZRTOS-G0.1.1.0
2025-10-29 00:06:13,489 [WARN] PackLoader:240 - Cannot read IP mode file for STMicroelectronics.X-CUBE-SAFEA1.1.2.2
2025-10-29 00:06:13,520 [WARN] PackLoader:240 - Cannot read IP mode file for STMicroelectronics.X-CUBE-NFC4.3.0.0
2025-10-29 00:06:13,584 [WARN] PackLoader:240 - Cannot read IP mode file for EmbeddedOffice.I-CUBE-FS-RTOS.1.0.1
2025-10-29 00:06:13,613 [WARN] PackLoader:240 - Cannot read IP mode file for STMicroelectronics.X-CUBE-WB05N.2.0.0
2025-10-29 00:06:13,625 [INFO] WebApp:169 - Instantiating new browser for Auth
2025-10-29 00:06:13,628 [WARN] PackLoader:240 - Cannot read IP mode file for wolfSSL.I-CUBE-wolfTPM.3.8.0
2025-10-29 00:06:13,711 [WARN] PackLoader:240 - Cannot read IP mode file for STMicroelectronics.X-CUBE-TCPP.4.2.0
2025-10-29 00:06:13,794 [WARN] PackLoader:240 - Cannot read IP mode file for RealThread.X-CUBE-RT-Thread_Nano.4.1.1
2025-10-29 00:06:13,872 [WARN] PackLoader:240 - Cannot read IP mode file for STMicroelectronics.FP-ATR-SIGFOX1.3.2.0
2025-10-29 00:06:14,010 [WARN] PackLoader:240 - Cannot read IP mode file for ITTIA_DB.I-CUBE-ITTIADB.8.9.0
2025-10-29 00:06:14,149 [WARN] PackLoader:240 - Cannot read IP mode file for STMicroelectronics.X-CUBE-AI.10.2.0
2025-10-29 00:06:14,306 [WARN] PackLoader:240 - Cannot read IP mode file for SEGGER.I-CUBE-embOS.1.3.1
2025-10-29 00:06:14,417 [WARN] PackLoader:240 - Cannot read IP mode file for STMicroelectronics.X-CUBE-ALGOBUILD.1.4.0
2025-10-29 00:06:14,488 [WARN] PackLoader:240 - Cannot read IP mode file for STMicroelectronics.X-CUBE-MEMS1.11.3.0
2025-10-29 00:06:14,632 [WARN] PackLoader:240 - Cannot read IP mode file for STMicroelectronics.X-CUBE-PM33A1.1.0.0
2025-10-29 00:06:14,792 [WARN] PackLoader:240 - Cannot read IP mode file for STMicroelectronics.X-CUBE-AZRTOS-F4.1.1.0
2025-10-29 00:06:14,820 [WARN] PackLoader:240 - Cannot read IP mode file for STMicroelectronics.X-CUBE-ISPU.2.1.0
2025-10-29 00:06:14,855 [WARN] PackLoader:240 - Cannot read IP mode file for STMicroelectronics.X-CUBE-IPS.3.2.0
2025-10-29 00:06:14,942 [WARN] PackLoader:240 - Cannot read IP mode file for STMicroelectronics.X-CUBE-NFC12.1.0.0
2025-10-29 00:06:14,978 [WARN] PackLoader:240 - Cannot read IP mode file for STMicroelectronics.X-CUBE-AZRTOS-L5.2.0.0
2025-10-29 00:06:15,056 [WARN] PackLoader:240 - Cannot read IP mode file for STMicroelectronics.X-CUBE-NFC6.3.1.0
2025-10-29 00:06:15,073 [WARN] PackLoader:240 - Cannot read IP mode file for STMicroelectronics.X-CUBE-FREERTOS.1.3.1
2025-10-29 00:06:15,090 [WARN] PackLoader:240 - Cannot read IP mode file for STMicroelectronics.X-CUBE-TOUCHGFX.4.26.0
2025-10-29 00:06:15,106 [WARN] PackLoader:240 - Cannot read IP mode file for STMicroelectronics.FP-SNS-STAIOTCFT.1.0.0
2025-10-29 00:06:15,122 [WARN] PackLoader:240 - Cannot read IP mode file for STMicroelectronics.X-CUBE-DPower.1.3.0
2025-10-29 00:06:15,154 [WARN] ConditionMgr:438 - getConditionDescription Invalid condition id : LAN8742 Phy interface Condition cause : null
2025-10-29 00:06:15,154 [WARN] PackLoader:240 - Cannot read IP mode file for STMicroelectronics.X-CUBE-AZRTOS-L4.2.0.0
2025-10-29 00:06:15,155 [WARN] ConditionMgr:1044 - genDependencies : Invalid condition id : LAN8742 Phy interface Condition cause : null
2025-10-29 00:06:15,155 [WARN] ConditionMgr:1044 - genDependencies : Invalid condition id : LAN8742 Phy interface Condition cause : null
2025-10-29 00:06:15,155 [WARN] ConditionMgr:1044 - genDependencies : Invalid condition id : LAN8742 Phy interface Condition cause : null
2025-10-29 00:06:15,219 [WARN] PackLoader:240 - Cannot read IP mode file for STMicroelectronics.X-CUBE-SFXS2LP1.4.0.0
2025-10-29 00:06:15,242 [WARN] PackLoader:240 - Cannot read IP mode file for STMicroelectronics.X-CUBE-BLEMGR.4.1.0
2025-10-29 00:06:15,337 [WARN] ConditionMgr:438 - getConditionDescription Invalid condition id : UX DEVICE CLASS RTOS Condition cause : null
2025-10-29 00:06:15,337 [WARN] ConditionMgr:438 - getConditionDescription Invalid condition id : UX DEVICE CLASS RTOS Condition cause : null
2025-10-29 00:06:15,338 [WARN] PackLoader:240 - Cannot read IP mode file for STMicroelectronics.X-CUBE-AZRTOS-WB.2.0.0
2025-10-29 00:06:15,338 [WARN] ConditionMgr:1044 - genDependencies : Invalid condition id : UX DEVICE CLASS RTOS Condition cause : null
2025-10-29 00:06:15,338 [WARN] ConditionMgr:1044 - genDependencies : Invalid condition id : UX DEVICE CLASS RTOS Condition cause : null
2025-10-29 00:06:15,339 [WARN] ConditionMgr:1044 - genDependencies : Invalid condition id : UX DEVICE CLASS RTOS Condition cause : null
2025-10-29 00:06:15,339 [WARN] ConditionMgr:1044 - genDependencies : Invalid condition id : UX DEVICE CLASS RTOS Condition cause : null
2025-10-29 00:06:15,339 [WARN] ConditionMgr:1044 - genDependencies : Invalid condition id : UX DEVICE CLASS RTOS Condition cause : null
2025-10-29 00:06:15,355 [WARN] PackLoader:240 - Cannot read IP mode file for STMicroelectronics.X-CUBE-GNSS1.7.0.1
2025-10-29 00:06:15,418 [WARN] ConditionMgr:438 - getConditionDescription Invalid condition id : Cortex-A Device cause : null
2025-10-29 00:06:15,437 [WARN] ConditionMgr:1044 - genDependencies : Invalid condition id : Cortex-A Device cause : null
2025-10-29 00:06:15,437 [WARN] ConditionMgr:1044 - genDependencies : Invalid condition id : Cortex-A Device cause : null
2025-10-29 00:06:15,437 [WARN] ConditionMgr:1044 - genDependencies : Invalid condition id : Cortex-A Device cause : null
2025-10-29 00:06:15,456 [WARN] PackLoader:240 - Cannot read IP mode file for STMicroelectronics.X-CUBE-SUBG2.5.0.0
2025-10-29 00:06:15,608 [WARN] PackLoader:240 - Cannot read IP mode file for STMicroelectronics.X-CUBE-AZRTOS-H7RS.1.1.0
2025-10-29 00:06:15,670 [INFO] WebApp:463 - Apply proxy settings
2025-10-29 00:06:15,670 [INFO] WebApp:548 - Chromium requires no authentication
2025-10-29 00:06:15,692 [WARN] PackLoader:240 - Cannot read IP mode file for STMicroelectronics.X-CUBE-AZRTOS-G4.2.0.0
2025-10-29 00:06:15,805 [INFO] WebApp:491 - Direct internet connection detected
2025-10-29 00:06:15,823 [WARN] PackLoader:240 - Cannot read IP mode file for wolfSSL.I-CUBE-wolfSSH.1.4.20
2025-10-29 00:06:15,964 [WARN] PackLoader:240 - Cannot read IP mode file for STMicroelectronics.X-CUBE-NFC7.2.0.0
2025-10-29 00:06:15,978 [WARN] PackLoader:240 - Cannot read IP mode file for STMicroelectronics.X-CUBE-ALS.1.0.2
2025-10-29 00:06:16,109 [WARN] PackLoader:240 - Cannot read IP mode file for STMicroelectronics.X-CUBE-STSE01.1.0.0
2025-10-29 00:06:16,110 [INFO] WebApp:900 - Register for checkConnection events
2025-10-29 00:06:16,110 [INFO] WebApp:463 - Apply proxy settings
2025-10-29 00:06:16,111 [INFO] WebApp:548 - Chromium requires no authentication
2025-10-29 00:06:16,111 [INFO] WebApp:491 - Direct internet connection detected
2025-10-29 00:06:16,317 [WARN] PackLoader:240 - Cannot read IP mode file for STMicroelectronics.X-CUBE-TOF1.3.4.3
2025-10-29 00:06:16,323 [INFO] ThirdParty:978 - Integrity check success = true
2025-10-29 00:06:16,323 [INFO] IntegrityCheckThread:100 - exiting critical section [integrity check]
2025-10-29 00:06:16,323 [INFO] IntegrityCheckThread:103 - End integrity checks thread
2025-10-29 00:06:16,759 [INFO] WebApp:191 - Connection restablished
2025-10-29 00:06:18,226 [INFO] WebApp:225 - Starting web application
2025-10-29 00:06:18,226 [INFO] WebApp:593 - Web application path used C:\ST\STM32CubeIDE_1.19.0\STM32CubeIDE\plugins\com.st.stm32cube.common.mx_6.15.0.202507011659\db\plugins\mcufinder\reactClient1\index.html
